Using pre-set license
Built from '2020.3/staging' branch; Version is '2020.3.19f1 (68f137dc9bbe) revision 6877495'; Using compiler version '192528614'; Build Type 'Release'
OS: 'Windows 10 Pro; OS build 19043.1237; Version 2009; 64bit' Language: 'es' Physical Memory: 16342 MB
BatchMode: 1, IsHumanControllingUs: 0, StartBugReporterOnCrash: 0, Is64bit: 1, IsPro: 0

COMMAND LINE ARGUMENTS:
C:\Program Files\Unity\Hub\Editor\2020.3.19f1\Editor\Unity.exe
-adb2
-batchMode
-noUpm
-name
AssetImportWorker0
-projectPath
D:/Nicolau Guardiola/proyectos/nicolau_guardiola_tema2/tema2
-logFile
Logs/AssetImportWorker0.log
-srvPort
57070
Successfully changed project path to: D:/Nicolau Guardiola/proyectos/nicolau_guardiola_tema2/tema2
D:/Nicolau Guardiola/proyectos/nicolau_guardiola_tema2/tema2
Using Asset Import Pipeline V2.
Refreshing native plugins compatible for Editor in 30.62 ms, found 2 plugins.
Preloading 0 native plugins for Editor in 0.00 ms.
Initialize engine version: 2020.3.19f1 (68f137dc9bbe)
[Subsystems] Discovering subsystems at path C:/Program Files/Unity/Hub/Editor/2020.3.19f1/Editor/Data/Resources/UnitySubsystems
[Subsystems] Discovering subsystems at path D:/Nicolau Guardiola/proyectos/nicolau_guardiola_tema2/tema2/Assets
GfxDevice: creating device client; threaded=0
Direct3D:
    Version:  Direct3D 11.0 [level 11.1]
    Renderer: NVIDIA GeForce GTX 1050 Ti (ID=0x1c82)
    Vendor:   
    VRAM:     4018 MB
    Driver:   27.21.14.5671
Initialize mono
Mono path[0] = 'C:/Program Files/Unity/Hub/Editor/2020.3.19f1/Editor/Data/Managed'
Mono path[1] = 'C:/Program Files/Unity/Hub/Editor/2020.3.19f1/Editor/Data/MonoBleedingEdge/lib/mono/unityjit'
Mono config path = 'C:/Program Files/Unity/Hub/Editor/2020.3.19f1/Editor/Data/MonoBleedingEdge/etc'
Using monoOptions --debugger-agent=transport=dt_socket,embedding=1,server=y,suspend=n,address=127.0.0.1:56912
Begin MonoManager ReloadAssembly
Registering precompiled unity dll's ...
Register platform support module: C:/Program Files/Unity/Hub/Editor/2020.3.19f1/Editor/Data/PlaybackEngines/WindowsStandaloneSupport/UnityEditor.WindowsStandalone.Extensions.dll
Registered in 0.001927 seconds.
Native extension for WindowsStandalone target not found
Refreshing native plugins compatible for Editor in 28.86 ms, found 2 plugins.
Preloading 0 native plugins for Editor in 0.00 ms.
Mono: successfully reloaded assembly
- Completed reload, in  1.158 seconds
Domain Reload Profiling:
	ReloadAssembly (1158ms)
		BeginReloadAssembly (60ms)
			ExecutionOrderSort (0ms)
			DisableScriptedObjects (0ms)
			BackupInstance (0ms)
			ReleaseScriptingObjects (0ms)
			CreateAndSetChildDomain (1ms)
		EndReloadAssembly (438ms)
			LoadAssemblies (58ms)
			RebuildTransferFunctionScriptingTraits (0ms)
			SetupTypeCache (169ms)
			ReleaseScriptCaches (0ms)
			RebuildScriptCaches (33ms)
			SetupLoadedEditorAssemblies (163ms)
				LogAssemblyErrors (0ms)
				InitializePlatformSupportModulesInManaged (4ms)
				SetLoadedEditorAssemblies (0ms)
				RefreshPlugins (29ms)
				BeforeProcessingInitializeOnLoad (9ms)
				ProcessInitializeOnLoadAttributes (89ms)
				ProcessInitializeOnLoadMethodAttributes (32ms)
				AfterProcessingInitializeOnLoad (0ms)
				EditorAssembliesLoaded (0ms)
			ExecutionOrderSort2 (0ms)
			AwakeInstancesAfterBackupRestoration (0ms)
Platform modules already initialized, skipping
Registering precompiled user dll's ...
Registered in 0.001788 seconds.
Begin MonoManager ReloadAssembly
Native extension for WindowsStandalone target not found
Refreshing native plugins compatible for Editor in 0.29 ms, found 2 plugins.
Preloading 0 native plugins for Editor in 0.00 ms.
Mono: successfully reloaded assembly
- Completed reload, in  1.048 seconds
Domain Reload Profiling:
	ReloadAssembly (1049ms)
		BeginReloadAssembly (153ms)
			ExecutionOrderSort (0ms)
			DisableScriptedObjects (5ms)
			BackupInstance (0ms)
			ReleaseScriptingObjects (0ms)
			CreateAndSetChildDomain (18ms)
		EndReloadAssembly (831ms)
			LoadAssemblies (86ms)
			RebuildTransferFunctionScriptingTraits (0ms)
			SetupTypeCache (289ms)
			ReleaseScriptCaches (0ms)
			RebuildScriptCaches (48ms)
			SetupLoadedEditorAssemblies (307ms)
				LogAssemblyErrors (0ms)
				InitializePlatformSupportModulesInManaged (5ms)
				SetLoadedEditorAssemblies (0ms)
				RefreshPlugins (0ms)
				BeforeProcessingInitializeOnLoad (54ms)
				ProcessInitializeOnLoadAttributes (235ms)
				ProcessInitializeOnLoadMethodAttributes (5ms)
				AfterProcessingInitializeOnLoad (7ms)
				EditorAssembliesLoaded (0ms)
			ExecutionOrderSort2 (0ms)
			AwakeInstancesAfterBackupRestoration (9ms)
Platform modules already initialized, skipping
========================================================================
Worker process is ready to serve import requests
Launched and connected shader compiler UnityShaderCompiler.exe after 0.04 seconds
Refreshing native plugins compatible for Editor in 0.28 ms, found 2 plugins.
Preloading 0 native plugins for Editor in 0.00 ms.
Unloading 1398 Unused Serialized files (Serialized files now loaded: 0)
System memory in use before: 64.9 MB.
System memory in use after: 64.9 MB.

Unloading 16 unused Assets to reduce memory usage. Loaded Objects now: 1833.
Total: 3.007100 ms (FindLiveObjects: 0.127000 ms CreateObjectMapping: 0.039200 ms MarkObjects: 2.737600 ms  DeleteObjects: 0.102300 ms)

AssetImportParameters requested are different than current active one (requested -> active):
  custom:framework-win-MediaFoundation: 216162199b28c13a410421893ffa2e32 -> 
  custom:video-decoder-ogg-theora: a1e56fd34408186e4bbccfd4996cb3dc -> 
  custom:container-muxer-webm: aa71ff27fc2769a1b78a27578f13a17b -> 
  custom:container-demuxer-webm: 4f35f7cbe854078d1ac9338744f61a02 -> 
  custom:container-demuxer-ogg: 62fdf1f143b41e24485cea50d1cbac27 -> 
  custom:video-encoder-webm-vp8: eb34c28f22e8b96e1ab97ce403110664 -> 
  custom:video-decoder-webm-vp8: 9c59270c3fd7afecdb556c50c9e8de78 -> 
  custom:audio-decoder-ogg-vorbis: bf7c407c2cedff20999df2af8eb42d56 -> 
  custom:audio-encoder-webm-vorbis: bf7c407c2cedff20999df2af8eb42d56 -> 
========================================================================
Received Import Request.
  path: Assets/prefabs/ambulancia Variant.prefab
  artifactKey: Guid(e4743d596406b95409619ea3e486e155) Importer(815301076,1909f56bfc062723c751e8b465ee728b)
Start importing Assets/prefabs/ambulancia Variant.prefab using Guid(e4743d596406b95409619ea3e486e155) Importer(815301076,1909f56bfc062723c751e8b465ee728b)  -> (artifact id: 'ffdca42ce2360c91ea3abc6c19332de4') in 0.106192 seconds 
  Import took 0.108504 seconds .

========================================================================
Received Import Request.
  Time since last request: 18.492178 seconds.
  path: Assets/material/ruedas.mat
  artifactKey: Guid(efd972931644eaf449a9f5fa735a3d3e) Importer(815301076,1909f56bfc062723c751e8b465ee728b)
Start importing Assets/material/ruedas.mat using Guid(efd972931644eaf449a9f5fa735a3d3e) Importer(815301076,1909f56bfc062723c751e8b465ee728b)  -> (artifact id: '0b53b0f8aaec0e83057a4e27c239f9ce') in 0.030647 seconds 
  Import took 0.033239 seconds .

========================================================================
Received Import Request.
  Time since last request: 60.464405 seconds.
  path: Assets/material/chasis_car_mat.mat
  artifactKey: Guid(aabc32e91160ef44489e85db3f10483f) Importer(815301076,1909f56bfc062723c751e8b465ee728b)
Start importing Assets/material/chasis_car_mat.mat using Guid(aabc32e91160ef44489e85db3f10483f) Importer(815301076,1909f56bfc062723c751e8b465ee728b)  -> (artifact id: 'b9b540f2f0753d524b2026bc94bc22ec') in 0.008765 seconds 
  Import took 0.012287 seconds .

========================================================================
Received Import Request.
  Time since last request: 18.007798 seconds.
  path: Assets/material/ruedas_mat.mat
  artifactKey: Guid(efd972931644eaf449a9f5fa735a3d3e) Importer(815301076,1909f56bfc062723c751e8b465ee728b)
Start importing Assets/material/ruedas_mat.mat using Guid(efd972931644eaf449a9f5fa735a3d3e) Importer(815301076,1909f56bfc062723c751e8b465ee728b)  -> (artifact id: 'cddefd1924608bdcf412ba90f391a2ff') in 0.008822 seconds 
  Import took 0.011797 seconds .

========================================================================
Received Import Request.
  Time since last request: 37.091169 seconds.
  path: Assets/material/chasis_ambulancia.mat
  artifactKey: Guid(2fb793d0c434298459504b241c0776cd) Importer(815301076,1909f56bfc062723c751e8b465ee728b)
Start importing Assets/material/chasis_ambulancia.mat using Guid(2fb793d0c434298459504b241c0776cd) Importer(815301076,1909f56bfc062723c751e8b465ee728b)  -> (artifact id: 'c8d4a12534438b62afab33173186468b') in 0.007246 seconds 
  Import took 0.011028 seconds .

========================================================================
Received Import Request.
  Time since last request: 8.088888 seconds.
  path: Assets/material/chasis_ambulancia_mat.mat
  artifactKey: Guid(2fb793d0c434298459504b241c0776cd) Importer(815301076,1909f56bfc062723c751e8b465ee728b)
Start importing Assets/material/chasis_ambulancia_mat.mat using Guid(2fb793d0c434298459504b241c0776cd) Importer(815301076,1909f56bfc062723c751e8b465ee728b)  -> (artifact id: '6b91d0d032eb9b5ce85bd6b7314a4aac') in 0.009280 seconds 
  Import took 0.012631 seconds .

========================================================================
Received Import Request.
  Time since last request: 27.879829 seconds.
  path: Assets/material/luces_emer_mat.mat
  artifactKey: Guid(42b4619c54e2e7c4c91421a33bc0e50e) Importer(815301076,1909f56bfc062723c751e8b465ee728b)
Start importing Assets/material/luces_emer_mat.mat using Guid(42b4619c54e2e7c4c91421a33bc0e50e) Importer(815301076,1909f56bfc062723c751e8b465ee728b)  -> (artifact id: 'b0445c8e0d587a4dfdf4190aa0c46fc3') in 0.007224 seconds 
  Import took 0.010265 seconds .

========================================================================
Received Import Request.
  Time since last request: 55.240344 seconds.
  path: Assets/material/chasis_ambulancia_mat.mat
  artifactKey: Guid(2fb793d0c434298459504b241c0776cd) Importer(815301076,1909f56bfc062723c751e8b465ee728b)
Start importing Assets/material/chasis_ambulancia_mat.mat using Guid(2fb793d0c434298459504b241c0776cd) Importer(815301076,1909f56bfc062723c751e8b465ee728b)  -> (artifact id: '10d9c16f31479c2cd7e87a1ca0223ef3') in 0.009344 seconds 
  Import took 0.012658 seconds .

========================================================================
Received Import Request.
  Time since last request: 0.000120 seconds.
  path: Assets/material/chasis_car_mat.mat
  artifactKey: Guid(aabc32e91160ef44489e85db3f10483f) Importer(815301076,1909f56bfc062723c751e8b465ee728b)
Start importing Assets/material/chasis_car_mat.mat using Guid(aabc32e91160ef44489e85db3f10483f) Importer(815301076,1909f56bfc062723c751e8b465ee728b)  -> (artifact id: 'fbdedcabe440c95cea92a01206825291') in 0.007241 seconds 
  Import took 0.010751 seconds .

========================================================================
Received Import Request.
  Time since last request: 0.000322 seconds.
  path: Assets/material/luces_emer_mat.mat
  artifactKey: Guid(42b4619c54e2e7c4c91421a33bc0e50e) Importer(815301076,1909f56bfc062723c751e8b465ee728b)
Start importing Assets/material/luces_emer_mat.mat using Guid(42b4619c54e2e7c4c91421a33bc0e50e) Importer(815301076,1909f56bfc062723c751e8b465ee728b)  -> (artifact id: 'b1c053b393658016afcd7f306deb3085') in 0.023814 seconds 
  Import took 0.026131 seconds .

========================================================================
Received Import Request.
  Time since last request: 419.490469 seconds.
  path: Assets/scripts/vehicle.cs
  artifactKey: Guid(cd0471de1211fc741a7d54817d45201e) Importer(815301076,1909f56bfc062723c751e8b465ee728b)
Start importing Assets/scripts/vehicle.cs using Guid(cd0471de1211fc741a7d54817d45201e) Importer(815301076,1909f56bfc062723c751e8b465ee728b)  -> (artifact id: '30948c126867a01c84505c769dbe051d') in 0.022749 seconds 
  Import took 0.025136 seconds .

========================================================================
Received Prepare
Registering precompiled user dll's ...
Registered in 0.001741 seconds.
Begin MonoManager ReloadAssembly
Native extension for WindowsStandalone target not found
Refreshing native plugins compatible for Editor in 0.30 ms, found 2 plugins.
Preloading 0 native plugins for Editor in 0.00 ms.
Mono: successfully reloaded assembly
- Completed reload, in  0.996 seconds
Domain Reload Profiling:
	ReloadAssembly (996ms)
		BeginReloadAssembly (113ms)
			ExecutionOrderSort (0ms)
			DisableScriptedObjects (5ms)
			BackupInstance (0ms)
			ReleaseScriptingObjects (0ms)
			CreateAndSetChildDomain (33ms)
		EndReloadAssembly (815ms)
			LoadAssemblies (84ms)
			RebuildTransferFunctionScriptingTraits (0ms)
			SetupTypeCache (294ms)
			ReleaseScriptCaches (1ms)
			RebuildScriptCaches (41ms)
			SetupLoadedEditorAssemblies (287ms)
				LogAssemblyErrors (0ms)
				InitializePlatformSupportModulesInManaged (5ms)
				SetLoadedEditorAssemblies (0ms)
				RefreshPlugins (0ms)
				BeforeProcessingInitializeOnLoad (51ms)
				ProcessInitializeOnLoadAttributes (219ms)
				ProcessInitializeOnLoadMethodAttributes (5ms)
				AfterProcessingInitializeOnLoad (6ms)
				EditorAssembliesLoaded (0ms)
			ExecutionOrderSort2 (0ms)
			AwakeInstancesAfterBackupRestoration (7ms)
Platform modules already initialized, skipping
Refreshing native plugins compatible for Editor in 0.30 ms, found 2 plugins.
Preloading 0 native plugins for Editor in 0.00 ms.
Unloading 1393 Unused Serialized files (Serialized files now loaded: 0)
System memory in use before: 68.1 MB.
System memory in use after: 68.2 MB.

Unloading 12 unused Assets to reduce memory usage. Loaded Objects now: 1879.
Total: 3.292800 ms (FindLiveObjects: 0.131800 ms CreateObjectMapping: 0.043700 ms MarkObjects: 3.062200 ms  DeleteObjects: 0.053800 ms)

AssetImportParameters requested are different than current active one (requested -> active):
  custom:framework-win-MediaFoundation: 216162199b28c13a410421893ffa2e32 -> 
  custom:video-decoder-ogg-theora: a1e56fd34408186e4bbccfd4996cb3dc -> 
  custom:container-muxer-webm: aa71ff27fc2769a1b78a27578f13a17b -> 
  custom:container-demuxer-webm: 4f35f7cbe854078d1ac9338744f61a02 -> 
  custom:container-demuxer-ogg: 62fdf1f143b41e24485cea50d1cbac27 -> 
  custom:video-encoder-webm-vp8: eb34c28f22e8b96e1ab97ce403110664 -> 
  custom:video-decoder-webm-vp8: 9c59270c3fd7afecdb556c50c9e8de78 -> 
  custom:audio-decoder-ogg-vorbis: bf7c407c2cedff20999df2af8eb42d56 -> 
  custom:audio-encoder-webm-vorbis: bf7c407c2cedff20999df2af8eb42d56 -> 
AssetImportWorkerClient::OnTransportError - code=2 error=End of file
